<?xml version="1.0" encoding="UTF-8"?>
<!-- Generated by org.testng.reporters.JUnitReportReporter -->
<testsuite hostname="LAPTOP-MET8VBRR" name="runner.Runner" tests="1" failures="0" timestamp="09 May 2021 06:36:32 GMT" time="40.729" errors="0">
  <testcase name="runScenario" time="40.729" classname="runner.Runner"/>
</testsuite> <!-- runner.Runner -->
